Arguments: 
  C:\Program Files\nodejs\node.exe C:\Users\Celia\AppData\Roaming\npm\node_modules\yarn\bin\yarn.js add react-app trainingReactJS --template typescript

PATH: 
  C:\Program Files (x86)\Common Files\Oracle\Java\javapath;C:\ProgramData\Oracle\Java\javapath;C:\Windows\system32;C:\Windows;C:\Windows\System32\Wbem;C:\Windows\System32\WindowsPowerShell\v1.0\;C:\Windows\System32\OpenSSH\;C:\Program Files\Git\cmd;C:\Program Files\nodejs\;C:\Users\Celia\AppData\Local\Microsoft\WindowsApps;C:\Users\Celia\AppData\Local\atom\bin;C:\Program Files\Salesforce CLI\bin;C:\Users\Celia\AppData\Local\Programs\Microsoft VS Code\bin;C:\Users\Celia\AppData\Roaming\npm;C:\Program Files\MySQL\MySQL Server 8.0\bin;

Yarn version: 
  1.22.10

Node version: 
  12.19.0

Platform: 
  win32 x64

Trace: 
  Error: https://registry.yarnpkg.com/trainingReactJS: Not found
      at Request.params.callback [as _callback] (C:\Users\Celia\AppData\Roaming\npm\node_modules\yarn\lib\cli.js:66988:18)
      at Request.self.callback (C:\Users\Celia\AppData\Roaming\npm\node_modules\yarn\lib\cli.js:140662:22)
      at Request.emit (events.js:314:20)
      at Request.<anonymous> (C:\Users\Celia\AppData\Roaming\npm\node_modules\yarn\lib\cli.js:141634:10)
      at Request.emit (events.js:314:20)
      at IncomingMessage.<anonymous> (C:\Users\Celia\AppData\Roaming\npm\node_modules\yarn\lib\cli.js:141556:12)
      at Object.onceWrapper (events.js:420:28)
      at IncomingMessage.emit (events.js:326:22)
      at endReadableNT (_stream_readable.js:1223:12)
      at processTicksAndRejections (internal/process/task_queues.js:84:21)

npm manifest: 
  No manifest

yarn manifest: 
  No manifest

Lockfile: 
  No lockfile
